Renesas / SuperH SH GAS Big Endian C:\Users\Bimbo\AppData\Local\Temp\ccEdWBkF.s 			page 1


   1              		.file	"CPU_STUFF.c"
   2              		.text
   3              	! GNU C (GCC) version 4.7-GNUSH_v13.01 (sh-elf)
   4              	!	compiled by GNU C version 4.2.1-sjlj (mingw32-2), GMP version 4.3.2, MPFR version 2.4.2, MPC vers
   5              	! GGC heuristics: --param ggc-min-expand=100 --param ggc-min-heapsize=131072
   6              	! options passed:  -I . -imultilib m2
   7              	! -iprefix c:\program files (x86)\kpit\gnushv13.01-elf\sh-elf\bin\../lib/gcc/sh-elf/4.7-GNUSH_v13.0
   8              	! -D SH7052 -D PLATF="SH7052" CPU_STUFF.c -m2 -mb
   9              	! -auxbase-strip CPU_STUFF.o -Os -Wall -Wextra -Wstrict-prototypes
  10              	! -std=gnu99 -ffunction-sections -fomit-frame-pointer -fstack-usage
  11              	! -fverbose-asm
  12              	! options enabled:  -fauto-inc-dec -fbranch-count-reg
  13              	! -fbranch-target-load-optimize -fcaller-saves -fcombine-stack-adjustments
  14              	! -fcommon -fcompare-elim -fcprop-registers -fcrossjumping
  15              	! -fcse-follow-jumps -fdebug-types-section -fdefer-pop -fdelayed-branch
  16              	! -fdelete-null-pointer-checks -fdevirtualize -fdwarf2-cfi-asm
  17              	! -fearly-inlining -feliminate-unused-debug-types -fexpensive-optimizations
  18              	! -fforward-propagate -ffunction-cse -ffunction-sections -fgcse -fgcse-lm
  19              	! -fgnu-runtime -fguess-branch-probability -fident -fif-conversion
  20              	! -fif-conversion2 -findirect-inlining -finline -finline-atomics
  21              	! -finline-functions -finline-functions-called-once
  22              	! -finline-small-functions -fipa-cp -fipa-profile -fipa-pure-const
  23              	! -fipa-reference -fipa-sra -fira-share-save-slots -fira-share-spill-slots
  24              	! -fivopts -fkeep-static-consts -fleading-underscore -fmath-errno
  25              	! -fmerge-constants -fmerge-debug-strings -fmove-loop-invariants
  26              	! -fomit-frame-pointer -foptimize-register-move -foptimize-sibling-calls
  27              	! -fpartial-inlining -fpeephole -fpeephole2 -fprefetch-loop-arrays
  28              	! -freg-struct-return -fregmove -freorder-blocks -freorder-functions
  29              	! -frerun-cse-after-loop -fsched-critical-path-heuristic
  30              	! -fsched-dep-count-heuristic -fsched-group-heuristic -fsched-interblock
  31              	! -fsched-last-insn-heuristic -fsched-rank-heuristic -fsched-spec
  32              	! -fsched-spec-insn-heuristic -fsched-stalled-insns-dep -fschedule-insns2
  33              	! -fshow-column -fshrink-wrap -fsigned-zeros -fsort-data
  34              	! -fsplit-ivs-in-unroller -fsplit-wide-types -fstrict-aliasing
  35              	! -fstrict-overflow -fstrict-volatile-bitfields -fthread-jumps
  36              	! -ftoplevel-reorder -ftrapping-math -ftree-bit-ccp -ftree-builtin-call-dce
  37              	! -ftree-ccp -ftree-ch -ftree-copy-prop -ftree-copyrename -ftree-cselim
  38              	! -ftree-dce -ftree-dominator-opts -ftree-dse -ftree-forwprop -ftree-fre
  39              	! -ftree-loop-if-convert -ftree-loop-im -ftree-loop-ivcanon
  40              	! -ftree-loop-optimize -ftree-parallelize-loops= -ftree-phiprop -ftree-pre
  41              	! -ftree-pta -ftree-reassoc -ftree-scev-cprop -ftree-sink
  42              	! -ftree-slp-vectorize -ftree-sra -ftree-switch-conversion
  43              	! -ftree-tail-merge -ftree-ter -ftree-vect-loop-version -ftree-vrp
  44              	! -funit-at-a-time -fverbose-asm -fzero-initialized-in-bss
  45              	! -maccumulate-outgoing-args -mb
  46              	
  47              		.section	.text.waitn,"ax",@progbits
  48              		.align 1
  49              		.global	_waitn
  50              		.type	_waitn, @function
  51              	_waitn:
  52              	! 5 "CPU_STUFF.c" 1
  53 0000 4410     		0: dt r4	! tmp
  54              	! 0 "" 2
  55              	! 6 "CPU_STUFF.c" 1
  56 0002 8BFD     		bf 0b
  57              	! 0 "" 2
Renesas / SuperH SH GAS Big Endian C:\Users\Bimbo\AppData\Local\Temp\ccEdWBkF.s 			page 2


  58 0004 000B     		rts	
  59 0006 0009     		nop
  60              		.size	_waitn, .-_waitn
  61              		.ident	"GCC: (GNU) 4.7-GNUSH_v13.01"
Renesas / SuperH SH GAS Big Endian C:\Users\Bimbo\AppData\Local\Temp\ccEdWBkF.s 			page 3


DEFINED SYMBOLS
                            *ABS*:0000000000000000 CPU_STUFF.c
C:\Users\Bimbo\AppData\Local\Temp\ccEdWBkF.s:51     .text.waitn:0000000000000000 _waitn

NO UNDEFINED SYMBOLS
