Renesas / SuperH SH GAS Big Endian C:\Users\Bimbo\AppData\Local\Temp\ccVDVJMW.s 			page 1


   1              		.file	"crc.c"
   2              		.text
   3              	! GNU C (GCC) version 4.7-GNUSH_v13.01 (sh-elf)
   4              	!	compiled by GNU C version 4.2.1-sjlj (mingw32-2), GMP version 4.3.2, MPFR version 2.4.2, MPC vers
   5              	! GGC heuristics: --param ggc-min-expand=100 --param ggc-min-heapsize=131072
   6              	! options passed:  -I . -imultilib m2
   7              	! -iprefix c:\program files (x86)\kpit\gnushv13.01-elf\sh-elf\bin\../lib/gcc/sh-elf/4.7-GNUSH_v13.0
   8              	! -D SH7052 -D PLATF="SH7052" crc.c -m2 -mb -auxbase-strip crc.o -Os -Wall
   9              	! -Wextra -Wstrict-prototypes -std=gnu99 -ffunction-sections
  10              	! -fomit-frame-pointer -fstack-usage -fverbose-asm
  11              	! options enabled:  -fauto-inc-dec -fbranch-count-reg
  12              	! -fbranch-target-load-optimize -fcaller-saves -fcombine-stack-adjustments
  13              	! -fcommon -fcompare-elim -fcprop-registers -fcrossjumping
  14              	! -fcse-follow-jumps -fdebug-types-section -fdefer-pop -fdelayed-branch
  15              	! -fdelete-null-pointer-checks -fdevirtualize -fdwarf2-cfi-asm
  16              	! -fearly-inlining -feliminate-unused-debug-types -fexpensive-optimizations
  17              	! -fforward-propagate -ffunction-cse -ffunction-sections -fgcse -fgcse-lm
  18              	! -fgnu-runtime -fguess-branch-probability -fident -fif-conversion
  19              	! -fif-conversion2 -findirect-inlining -finline -finline-atomics
  20              	! -finline-functions -finline-functions-called-once
  21              	! -finline-small-functions -fipa-cp -fipa-profile -fipa-pure-const
  22              	! -fipa-reference -fipa-sra -fira-share-save-slots -fira-share-spill-slots
  23              	! -fivopts -fkeep-static-consts -fleading-underscore -fmath-errno
  24              	! -fmerge-constants -fmerge-debug-strings -fmove-loop-invariants
  25              	! -fomit-frame-pointer -foptimize-register-move -foptimize-sibling-calls
  26              	! -fpartial-inlining -fpeephole -fpeephole2 -fprefetch-loop-arrays
  27              	! -freg-struct-return -fregmove -freorder-blocks -freorder-functions
  28              	! -frerun-cse-after-loop -fsched-critical-path-heuristic
  29              	! -fsched-dep-count-heuristic -fsched-group-heuristic -fsched-interblock
  30              	! -fsched-last-insn-heuristic -fsched-rank-heuristic -fsched-spec
  31              	! -fsched-spec-insn-heuristic -fsched-stalled-insns-dep -fschedule-insns2
  32              	! -fshow-column -fshrink-wrap -fsigned-zeros -fsort-data
  33              	! -fsplit-ivs-in-unroller -fsplit-wide-types -fstrict-aliasing
  34              	! -fstrict-overflow -fstrict-volatile-bitfields -fthread-jumps
  35              	! -ftoplevel-reorder -ftrapping-math -ftree-bit-ccp -ftree-builtin-call-dce
  36              	! -ftree-ccp -ftree-ch -ftree-copy-prop -ftree-copyrename -ftree-cselim
  37              	! -ftree-dce -ftree-dominator-opts -ftree-dse -ftree-forwprop -ftree-fre
  38              	! -ftree-loop-if-convert -ftree-loop-im -ftree-loop-ivcanon
  39              	! -ftree-loop-optimize -ftree-parallelize-loops= -ftree-phiprop -ftree-pre
  40              	! -ftree-pta -ftree-reassoc -ftree-scev-cprop -ftree-sink
  41              	! -ftree-slp-vectorize -ftree-sra -ftree-switch-conversion
  42              	! -ftree-tail-merge -ftree-ter -ftree-vect-loop-version -ftree-vrp
  43              	! -funit-at-a-time -fverbose-asm -fzero-initialized-in-bss
  44              	! -maccumulate-outgoing-args -mb
  45              	
  46              		.section	.text.crc16,"ax",@progbits
  47              		.align 1
  48              		.global	_crc16
  49              		.type	_crc16, @function
  50              	_crc16:
  51 0000 2F86     		mov.l	r8,@-r15	!,
  52 0002 D11B     		mov.l	.L15,r1	!, tmp258
  53 0004 2F96     		mov.l	r9,@-r15	!,
  54 0006 6110     		mov.b	@r1,r1	! crc_tab16_init, crc_tab16_init
  55 0008 2118     		tst	r1,r1	! crc_tab16_init
  56 000a 8F1C     		bf.s	.L18	!
  57 000c E000     		mov	#0,r0	!, crc
Renesas / SuperH SH GAS Big Endian C:\Users\Bimbo\AppData\Local\Temp\ccVDVJMW.s 			page 2


  58 000e 992C     		mov.w	.L12,r9	!,
  59 0010 E200     		mov	#0,r2	!, i
  60 0012 D818     		mov.l	.L16,r8	!, tmp294
  61 0014 932A     		mov.w	.L14,r3	!,
  62              	.L6:
  63 0016 662D     		extu.w	r2,r6	! i, c
  64 0018 E100     		mov	#0,r1	!, crc
  65 001a E708     		mov	#8,r7	!, tmp299
  66 001c 6063     		mov	r6,r0	! c, tmp261
  67              	.L19:
  68 001e 201A     		xor	r1,r0	! crc, tmp261
  69 0020 C801     		tst	#1,r0	! tmp261
  70 0022 8D02     		bt.s	.L3	!
  71 0024 4101     		shlr	r1	! tmp267
  72 0026 219A     		xor	r9,r1	! tmp293, tmp267
  73 0028 611D     		extu.w	r1,r1	! tmp267, crc
  74              	.L3:
  75 002a 4601     		shlr	r6	! c
  76 002c 4710     		dt	r7	! tmp299
  77 002e 8FF6     		bf.s	.L19	!
  78 0030 6063     		mov	r6,r0	! c, tmp261
  79 0032 6023     		mov	r2,r0	! i, tmp271
  80 0034 300C     		add	r0,r0	! tmp271
  81 0036 0815     		mov.w	r1,@(r0,r8)	! crc, MEM[symbol: crc_tab16, index: D.1463_52, offset: 0B]
  82 0038 4310     		dt	r3	! tmp298
  83 003a 8FEC     		bf.s	.L6	!
  84 003c 7201     		add	#1,r2	!, i
  85 003e D10C     		mov.l	.L15,r1	!, tmp275
  86 0040 E201     		mov	#1,r2	!, tmp276
  87 0042 2120     		mov.b	r2,@r1	! tmp276, crc_tab16_init
  88 0044 E000     		mov	#0,r0	!, crc
  89              	.L18:
  90 0046 D10B     		mov.l	.L16,r1	!, tmp289
  91 0048 A008     		bra	.L7	!
  92 004a 7501     		add	#1,r5	!, tmp296
  93              	.L8:
  94 004c 6344     		mov.b	@r4+,r3	! MEM[base: data_1, offset: 0B],
  95 004e 203A     		xor	r3,r0	! MEM[base: data_1, offset: 0B], tmp281
  96 0050 600C     		extu.b	r0,r0	! tmp281, tmp284
  97 0052 300C     		add	r0,r0	! tmp284
  98 0054 001D     		mov.w	@(r0,r1),r0	! crc_tab16,
  99 0056 4219     		shlr8	r2	!, D.1395
 100 0058 600D     		extu.w	r0,r0	! tmp286, crc
 101 005a 202A     		xor	r2,r0	! D.1395, crc
 102              	.L7:
 103 005c 4510     		dt	r5	! tmp296
 104 005e 8FF5     		bf.s	.L8	!
 105 0060 6203     		mov	r0,r2	! crc, D.1395
 106 0062 69F6     		mov.l   @r15+,r9	!,
 107 0064 68F6     		mov.l   @r15+,r8	!,
 108 0066 000B     		rts	
 109 0068 0009     		nop
 110              		.align 1
 111              	.L12:
 112 006a BAAD     		.short	-17747
 113              	.L14:
 114 006c 0100     		.short	256
Renesas / SuperH SH GAS Big Endian C:\Users\Bimbo\AppData\Local\Temp\ccVDVJMW.s 			page 3


 115              	.L17:
 116 006e 0009     		.align 2
 117              	.L15:
 118 0070 00000000 		.long	_crc_tab16_init
 119              	.L16:
 120 0074 00000002 		.long	_crc_tab16
 121              		.size	_crc16, .-_crc16
 122              		.local	_crc_tab16_init
 123              		.comm	_crc_tab16_init,1,1
 124              		.local	_crc_tab16
 125              		.comm	_crc_tab16,512,2
 126              		.ident	"GCC: (GNU) 4.7-GNUSH_v13.01"
Renesas / SuperH SH GAS Big Endian C:\Users\Bimbo\AppData\Local\Temp\ccVDVJMW.s 			page 4


DEFINED SYMBOLS
                            *ABS*:0000000000000000 crc.c
C:\Users\Bimbo\AppData\Local\Temp\ccVDVJMW.s:50     .text.crc16:0000000000000000 _crc16
                             .bss:0000000000000000 _crc_tab16_init
C:\Users\Bimbo\AppData\Local\Temp\ccVDVJMW.s:125    .bss:0000000000000002 _crc_tab16

NO UNDEFINED SYMBOLS
