Renesas / SuperH SH GAS Big Endian C:\Users\Limbo-s\AppData\Local\Temp\ccM0U3rr.s 			page 1


   1              		.file	"eep_funcs.c"
   2              		.text
   3              	! GNU C (GCC) version 4.7-GNUSH_v13.01 (sh-elf)
   4              	!	compiled by GNU C version 4.2.1-sjlj (mingw32-2), GMP version 4.3.2, MPFR version 2.4.2, MPC vers
   5              	! GGC heuristics: --param ggc-min-expand=100 --param ggc-min-heapsize=131072
   6              	! options passed:  -I . -imultilib m2
   7              	! -iprefix c:\program files (x86)\kpit\gnushv13.01-elf\sh-elf\bin\../lib/gcc/sh-elf/4.7-GNUSH_v13.0
   8              	! -D SH7052 -D PLATF="SH7052" eep_funcs.c -m2 -mb
   9              	! -auxbase-strip eep_funcs.o -Os -Wall -Wextra -Wstrict-prototypes
  10              	! -std=gnu99 -ffunction-sections -fomit-frame-pointer -fstack-usage
  11              	! -fverbose-asm
  12              	! options enabled:  -fauto-inc-dec -fbranch-count-reg
  13              	! -fbranch-target-load-optimize -fcaller-saves -fcombine-stack-adjustments
  14              	! -fcommon -fcompare-elim -fcprop-registers -fcrossjumping
  15              	! -fcse-follow-jumps -fdebug-types-section -fdefer-pop -fdelayed-branch
  16              	! -fdelete-null-pointer-checks -fdevirtualize -fdwarf2-cfi-asm
  17              	! -fearly-inlining -feliminate-unused-debug-types -fexpensive-optimizations
  18              	! -fforward-propagate -ffunction-cse -ffunction-sections -fgcse -fgcse-lm
  19              	! -fgnu-runtime -fguess-branch-probability -fident -fif-conversion
  20              	! -fif-conversion2 -findirect-inlining -finline -finline-atomics
  21              	! -finline-functions -finline-functions-called-once
  22              	! -finline-small-functions -fipa-cp -fipa-profile -fipa-pure-const
  23              	! -fipa-reference -fipa-sra -fira-share-save-slots -fira-share-spill-slots
  24              	! -fivopts -fkeep-static-consts -fleading-underscore -fmath-errno
  25              	! -fmerge-constants -fmerge-debug-strings -fmove-loop-invariants
  26              	! -fomit-frame-pointer -foptimize-register-move -foptimize-sibling-calls
  27              	! -fpartial-inlining -fpeephole -fpeephole2 -fprefetch-loop-arrays
  28              	! -freg-struct-return -fregmove -freorder-blocks -freorder-functions
  29              	! -frerun-cse-after-loop -fsched-critical-path-heuristic
  30              	! -fsched-dep-count-heuristic -fsched-group-heuristic -fsched-interblock
  31              	! -fsched-last-insn-heuristic -fsched-rank-heuristic -fsched-spec
  32              	! -fsched-spec-insn-heuristic -fsched-stalled-insns-dep -fschedule-insns2
  33              	! -fshow-column -fshrink-wrap -fsigned-zeros -fsort-data
  34              	! -fsplit-ivs-in-unroller -fsplit-wide-types -fstrict-aliasing
  35              	! -fstrict-overflow -fstrict-volatile-bitfields -fthread-jumps
  36              	! -ftoplevel-reorder -ftrapping-math -ftree-bit-ccp -ftree-builtin-call-dce
  37              	! -ftree-ccp -ftree-ch -ftree-copy-prop -ftree-copyrename -ftree-cselim
  38              	! -ftree-dce -ftree-dominator-opts -ftree-dse -ftree-forwprop -ftree-fre
  39              	! -ftree-loop-if-convert -ftree-loop-im -ftree-loop-ivcanon
  40              	! -ftree-loop-optimize -ftree-parallelize-loops= -ftree-phiprop -ftree-pre
  41              	! -ftree-pta -ftree-reassoc -ftree-scev-cprop -ftree-sink
  42              	! -ftree-slp-vectorize -ftree-sra -ftree-switch-conversion
  43              	! -ftree-tail-merge -ftree-ter -ftree-vect-loop-version -ftree-vrp
  44              	! -funit-at-a-time -fverbose-asm -fzero-initialized-in-bss
  45              	! -maccumulate-outgoing-args -mb
  46              	
  47              		.section	.text.eep_read16,"ax",@progbits
  48              		.align 1
  49              		.global	_eep_read16
  50              		.type	_eep_read16, @function
  51              	_eep_read16:
  52 0000 D104     		mov.l	.L3,r1	!, tmp165
  53 0002 6112     		mov.l	@r1,r1	! builtin_eep_read16, builtin_eep_read16.1
  54 0004 2118     		tst	r1,r1	! builtin_eep_read16.1
  55 0006 8D02     		bt.s	.L1	!
  56 0008 644C     		extu.b	r4,r4	! addr, addr
  57 000a 412B     		jmp	@r1
Renesas / SuperH SH GAS Big Endian C:\Users\Limbo-s\AppData\Local\Temp\ccM0U3rr.s 			page 2


  58 000c 0009     		nop	! builtin_eep_read16.1
  59              	.L1:
  60 000e 000B     		rts	
  61 0010 0009     		nop
  62              	.L4:
  63 0012 0009     		.align 2
  64              	.L3:
  65 0014 00000000 		.long	_builtin_eep_read16
  66              		.size	_eep_read16, .-_eep_read16
  67              		.section	.text.eep_setptr,"ax",@progbits
  68              		.align 1
  69              		.global	_eep_setptr
  70              		.type	_eep_setptr, @function
  71              	_eep_setptr:
  72 0000 D101     		mov.l	.L6,r1	!, tmp162
  73 0002 000B     		rts	
  74 0004 2142     		mov.l	r4,@r1	! newaddr, builtin_eep_read16
  75              	.L7:
  76 0006 0009     		.align 2
  77              	.L6:
  78 0008 00000000 		.long	_builtin_eep_read16
  79              		.size	_eep_setptr, .-_eep_setptr
  80              		.local	_builtin_eep_read16
  81              		.comm	_builtin_eep_read16,4,4
  82              		.ident	"GCC: (GNU) 4.7-GNUSH_v13.01"
Renesas / SuperH SH GAS Big Endian C:\Users\Limbo-s\AppData\Local\Temp\ccM0U3rr.s 			page 3


DEFINED SYMBOLS
                            *ABS*:0000000000000000 eep_funcs.c
C:\Users\Limbo-s\AppData\Local\Temp\ccM0U3rr.s:51     .text.eep_read16:0000000000000000 _eep_read16
C:\Users\Limbo-s\AppData\Local\Temp\ccM0U3rr.s:81     .bss:0000000000000000 _builtin_eep_read16
C:\Users\Limbo-s\AppData\Local\Temp\ccM0U3rr.s:71     .text.eep_setptr:0000000000000000 _eep_setptr

NO UNDEFINED SYMBOLS
