Renesas / SuperH SH GAS Big Endian C:\Users\Bimbo\AppData\Local\Temp\ccEskLWN.s 			page 1


   1              		.file	"CPU.c"
   2              		.text
   3              	! GNU C (GCC) version 4.7-GNUSH_v13.01 (sh-elf)
   4              	!	compiled by GNU C version 4.2.1-sjlj (mingw32-2), GMP version 4.3.2, MPFR version 2.4.2, MPC vers
   5              	! GGC heuristics: --param ggc-min-expand=100 --param ggc-min-heapsize=131072
   6              	! options passed:  -I . -imultilib m2
   7              	! -iprefix c:\program files (x86)\kpit\gnushv13.01-elf\sh-elf\bin\../lib/gcc/sh-elf/4.7-GNUSH_v13.0
   8              	! -D SH7052 -D PLATF="SH7052" SH7052/CPU.c -m2 -mb
   9              	! -auxbase-strip SH7052/CPU.o -Os -Wall -Wextra -Wstrict-prototypes
  10              	! -std=gnu99 -ffunction-sections -fomit-frame-pointer -fstack-usage
  11              	! -fverbose-asm
  12              	! options enabled:  -fauto-inc-dec -fbranch-count-reg
  13              	! -fbranch-target-load-optimize -fcaller-saves -fcombine-stack-adjustments
  14              	! -fcommon -fcompare-elim -fcprop-registers -fcrossjumping
  15              	! -fcse-follow-jumps -fdebug-types-section -fdefer-pop -fdelayed-branch
  16              	! -fdelete-null-pointer-checks -fdevirtualize -fdwarf2-cfi-asm
  17              	! -fearly-inlining -feliminate-unused-debug-types -fexpensive-optimizations
  18              	! -fforward-propagate -ffunction-cse -ffunction-sections -fgcse -fgcse-lm
  19              	! -fgnu-runtime -fguess-branch-probability -fident -fif-conversion
  20              	! -fif-conversion2 -findirect-inlining -finline -finline-atomics
  21              	! -finline-functions -finline-functions-called-once
  22              	! -finline-small-functions -fipa-cp -fipa-profile -fipa-pure-const
  23              	! -fipa-reference -fipa-sra -fira-share-save-slots -fira-share-spill-slots
  24              	! -fivopts -fkeep-static-consts -fleading-underscore -fmath-errno
  25              	! -fmerge-constants -fmerge-debug-strings -fmove-loop-invariants
  26              	! -fomit-frame-pointer -foptimize-register-move -foptimize-sibling-calls
  27              	! -fpartial-inlining -fpeephole -fpeephole2 -fprefetch-loop-arrays
  28              	! -freg-struct-return -fregmove -freorder-blocks -freorder-functions
  29              	! -frerun-cse-after-loop -fsched-critical-path-heuristic
  30              	! -fsched-dep-count-heuristic -fsched-group-heuristic -fsched-interblock
  31              	! -fsched-last-insn-heuristic -fsched-rank-heuristic -fsched-spec
  32              	! -fsched-spec-insn-heuristic -fsched-stalled-insns-dep -fschedule-insns2
  33              	! -fshow-column -fshrink-wrap -fsigned-zeros -fsort-data
  34              	! -fsplit-ivs-in-unroller -fsplit-wide-types -fstrict-aliasing
  35              	! -fstrict-overflow -fstrict-volatile-bitfields -fthread-jumps
  36              	! -ftoplevel-reorder -ftrapping-math -ftree-bit-ccp -ftree-builtin-call-dce
  37              	! -ftree-ccp -ftree-ch -ftree-copy-prop -ftree-copyrename -ftree-cselim
  38              	! -ftree-dce -ftree-dominator-opts -ftree-dse -ftree-forwprop -ftree-fre
  39              	! -ftree-loop-if-convert -ftree-loop-im -ftree-loop-ivcanon
  40              	! -ftree-loop-optimize -ftree-parallelize-loops= -ftree-phiprop -ftree-pre
  41              	! -ftree-pta -ftree-reassoc -ftree-scev-cprop -ftree-sink
  42              	! -ftree-slp-vectorize -ftree-sra -ftree-switch-conversion
  43              	! -ftree-tail-merge -ftree-ter -ftree-vect-loop-version -ftree-vrp
  44              	! -funit-at-a-time -fverbose-asm -fzero-initialized-in-bss
  45              	! -maccumulate-outgoing-args -mb
  46              	
  47              		.section	.text.init_mclk,"ax",@progbits
  48              		.align 1
  49              		.global	_init_mclk
  50              		.type	_init_mclk, @function
  51              	_init_mclk:
  52 0000 9219     		mov.w	.L2,r2	!,
  53 0002 E1FE     		mov	#-2,r1	!, tmp166
  54 0004 E700     		mov	#0,r7	!, tmp171
  55 0006 6320     		mov.b	@r2,r3	!,
  56 0008 2139     		and	r3,r1	! tmp164, tmp165
  57 000a 2210     		mov.b	r1,@r2	! tmp165,
Renesas / SuperH SH GAS Big Endian C:\Users\Bimbo\AppData\Local\Temp\ccEskLWN.s 			page 2


  58 000c 9114     		mov.w	.L3,r1	!,
  59 000e 6313     		mov	r1,r3	! tmp168, tmp170
  60 0010 730A     		add	#10,r3	!, tmp170
  61 0012 2370     		mov.b	r7,@r3	! tmp171, MEM[(volatile struct st_atu0 *)4294964256B].TIOR.BYTE
  62 0014 6713     		mov	r1,r7	! tmp168, tmp174
  63 0016 E300     		mov	#0,r3	!, tmp175
  64 0018 770E     		add	#14,r7	!, tmp174
  65 001a 2731     		mov.w	r3,@r7	! tmp175, MEM[(volatile struct st_atu0 *)4294964256B].TIER.WORD
  66 001c 77F6     		add	#-10,r7	!, tmp178
  67 001e 2730     		mov.b	r3,@r7	! tmp175, MEM[(volatile struct st_atu0 *)4294964256B].ITVRR1.BYTE
  68 0020 7702     		add	#2,r7	!, tmp182
  69 0022 2730     		mov.b	r3,@r7	! tmp175, MEM[(volatile struct st_atu0 *)4294964256B].ITVRR2A.BYTE
  70 0024 7702     		add	#2,r7	!, tmp186
  71 0026 2730     		mov.b	r3,@r7	! tmp175, MEM[(volatile struct st_atu0 *)4294964256B].ITVRR2B.BYTE
  72 0028 E300     		mov	#0,r3	!, tmp189
  73 002a 1134     		mov.l	r3,@(16,r1)	! tmp189, MEM[(volatile struct st_atu0 *)4294964256B].TCNT
  74 002c 6020     		mov.b	@r2,r0	!,
  75 002e CB01     		or	#1,r0	!, tmp195
  76 0030 2200     		mov.b	r0,@r2	! tmp195,
  77 0032 000B     		rts	
  78 0034 0009     		nop
  79              		.align 1
  80              	.L2:
  81 0036 F401     		.short	-3071
  82              	.L3:
  83 0038 F420     		.short	-3040
  84              		.size	_init_mclk, .-_init_mclk
  85              		.ident	"GCC: (GNU) 4.7-GNUSH_v13.01"
Renesas / SuperH SH GAS Big Endian C:\Users\Bimbo\AppData\Local\Temp\ccEskLWN.s 			page 3


DEFINED SYMBOLS
                            *ABS*:0000000000000000 CPU.c
C:\Users\Bimbo\AppData\Local\Temp\ccEskLWN.s:51     .text.init_mclk:0000000000000000 _init_mclk

NO UNDEFINED SYMBOLS
