Renesas / SuperH SH GAS Big Endian C:\Users\Bimbo\AppData\Local\Temp\cc6RibiW.s 			page 1


   1              		.file	"FLASH_CONST.c"
   2              		.text
   3              	! GNU C (GCC) version 4.7-GNUSH_v13.01 (sh-elf)
   4              	!	compiled by GNU C version 4.2.1-sjlj (mingw32-2), GMP version 4.3.2, MPFR version 2.4.2, MPC vers
   5              	! GGC heuristics: --param ggc-min-expand=100 --param ggc-min-heapsize=131072
   6              	! options passed:  -I . -imultilib m2
   7              	! -iprefix c:\program files (x86)\kpit\gnushv13.01-elf\sh-elf\bin\../lib/gcc/sh-elf/4.7-GNUSH_v13.0
   8              	! -D SH7052 -D PLATF="SH7052" SH7052/FLASH_CONST.c -m2 -mb
   9              	! -auxbase-strip SH7052/FLASH_CONST.o -Os -Wall -Wextra -Wstrict-prototypes
  10              	! -std=gnu99 -ffunction-sections -fomit-frame-pointer -fstack-usage
  11              	! -fverbose-asm
  12              	! options enabled:  -fauto-inc-dec -fbranch-count-reg
  13              	! -fbranch-target-load-optimize -fcaller-saves -fcombine-stack-adjustments
  14              	! -fcommon -fcompare-elim -fcprop-registers -fcrossjumping
  15              	! -fcse-follow-jumps -fdebug-types-section -fdefer-pop -fdelayed-branch
  16              	! -fdelete-null-pointer-checks -fdevirtualize -fdwarf2-cfi-asm
  17              	! -fearly-inlining -feliminate-unused-debug-types -fexpensive-optimizations
  18              	! -fforward-propagate -ffunction-cse -ffunction-sections -fgcse -fgcse-lm
  19              	! -fgnu-runtime -fguess-branch-probability -fident -fif-conversion
  20              	! -fif-conversion2 -findirect-inlining -finline -finline-atomics
  21              	! -finline-functions -finline-functions-called-once
  22              	! -finline-small-functions -fipa-cp -fipa-profile -fipa-pure-const
  23              	! -fipa-reference -fipa-sra -fira-share-save-slots -fira-share-spill-slots
  24              	! -fivopts -fkeep-static-consts -fleading-underscore -fmath-errno
  25              	! -fmerge-constants -fmerge-debug-strings -fmove-loop-invariants
  26              	! -fomit-frame-pointer -foptimize-register-move -foptimize-sibling-calls
  27              	! -fpartial-inlining -fpeephole -fpeephole2 -fprefetch-loop-arrays
  28              	! -freg-struct-return -fregmove -freorder-blocks -freorder-functions
  29              	! -frerun-cse-after-loop -fsched-critical-path-heuristic
  30              	! -fsched-dep-count-heuristic -fsched-group-heuristic -fsched-interblock
  31              	! -fsched-last-insn-heuristic -fsched-rank-heuristic -fsched-spec
  32              	! -fsched-spec-insn-heuristic -fsched-stalled-insns-dep -fschedule-insns2
  33              	! -fshow-column -fshrink-wrap -fsigned-zeros -fsort-data
  34              	! -fsplit-ivs-in-unroller -fsplit-wide-types -fstrict-aliasing
  35              	! -fstrict-overflow -fstrict-volatile-bitfields -fthread-jumps
  36              	! -ftoplevel-reorder -ftrapping-math -ftree-bit-ccp -ftree-builtin-call-dce
  37              	! -ftree-ccp -ftree-ch -ftree-copy-prop -ftree-copyrename -ftree-cselim
  38              	! -ftree-dce -ftree-dominator-opts -ftree-dse -ftree-forwprop -ftree-fre
  39              	! -ftree-loop-if-convert -ftree-loop-im -ftree-loop-ivcanon
  40              	! -ftree-loop-optimize -ftree-parallelize-loops= -ftree-phiprop -ftree-pre
  41              	! -ftree-pta -ftree-reassoc -ftree-scev-cprop -ftree-sink
  42              	! -ftree-slp-vectorize -ftree-sra -ftree-switch-conversion
  43              	! -ftree-tail-merge -ftree-ter -ftree-vect-loop-version -ftree-vrp
  44              	! -funit-at-a-time -fverbose-asm -fzero-initialized-in-bss
  45              	! -maccumulate-outgoing-args -mb
  46              	
  47              		.global	_fblocks
  48              		.section	.rodata.align4,"a"
  49              		.align 2
  50              		.type	_fblocks, @object
  51              		.size	_fblocks, 52
  52              	_fblocks:
  53 0000 00000000 		.long	0
  54 0004 00001000 		.long	4096
  55 0008 00002000 		.long	8192
  56 000c 00003000 		.long	12288
  57 0010 00004000 		.long	16384
Renesas / SuperH SH GAS Big Endian C:\Users\Bimbo\AppData\Local\Temp\cc6RibiW.s 			page 2


  58 0014 00005000 		.long	20480
  59 0018 00006000 		.long	24576
  60 001c 00007000 		.long	28672
  61 0020 00008000 		.long	32768
  62 0024 00010000 		.long	65536
  63 0028 00020000 		.long	131072
  64 002c 00030000 		.long	196608
  65 0030 00040000 		.long	262144
  66              		.ident	"GCC: (GNU) 4.7-GNUSH_v13.01"
Renesas / SuperH SH GAS Big Endian C:\Users\Bimbo\AppData\Local\Temp\cc6RibiW.s 			page 3


DEFINED SYMBOLS
                            *ABS*:0000000000000000 FLASH_CONST.c
C:\Users\Bimbo\AppData\Local\Temp\cc6RibiW.s:52     .rodata.align4:0000000000000000 _fblocks

NO UNDEFINED SYMBOLS
